This file contains any messages produced by compilers while
running configure, to aid debugging if configure makes a mistake.

It was created by rfcreader configure 0.4, which was
generated by GNU Autoconf 2.69.  Invocation command line was

  $ ./configure --no-create --no-recursion

## --------- ##
## Platform. ##
## --------- ##

hostname = shuttle-dragon
uname -m = x86_64
uname -r = 4.10.0-20-generic
uname -s = Linux
uname -v = #22-Ubuntu SMP Thu Apr 20 09:22:42 UTC 2017

/usr/bin/uname -p = unknown
/bin/uname -X     = unknown

/bin/arch              = unknown
/usr/bin/arch -k       = unknown
/usr/convex/getsysinfo = unknown
/usr/bin/hostinfo      = unknown
/bin/machine           = unknown
/usr/bin/oslevel       = unknown
/bin/universe          = unknown

PATH: /usr/local/sbin
PATH: /usr/local/bin
PATH: /usr/sbin
PATH: /usr/bin
PATH: /sbin
PATH: /bin
PATH: /usr/games
PATH: /usr/local/games
PATH: /snap/bin


## ----------- ##
## Core tests. ##
## ----------- ##

configure:2203: checking for a BSD-compatible install
configure:2271: result: /usr/bin/install -c
configure:2282: checking whether build environment is sane
configure:2337: result: yes
configure:2488: checking for a thread-safe mkdir -p
configure:2527: result: /bin/mkdir -p
configure:2534: checking for gawk
configure:2550: found /usr/bin/gawk
configure:2561: result: gawk
configure:2572: checking whether make sets $(MAKE)
configure:2594: result: yes
configure:2623: checking whether make supports nested variables
configure:2640: result: yes
configure:2816: checking for gcc
configure:2832: found /usr/bin/gcc
configure:2843: result: gcc
configure:3072: checking for C compiler version
configure:3081: gcc --version >&5
gcc (Ubuntu 6.3.0-12ubuntu2) 6.3.0 20170406
Copyright (C) 2016 Free Software Foundation, Inc.
This is free software; see the source for copying conditions.  There is NO
warranty; not even for MERCHANTABILITY or FITNESS FOR A PARTICULAR PURPOSE.

configure:3092: $? = 0
configure:3081: gcc -v >&5
Using built-in specs.
COLLECT_GCC=gcc
COLLECT_LTO_WRAPPER=/usr/lib/gcc/x86_64-linux-gnu/6/lto-wrapper
Target: x86_64-linux-gnu
Configured with: ../src/configure -v --with-pkgversion='Ubuntu 6.3.0-12ubuntu2' --with-bugurl=file:///usr/share/doc/gcc-6/README.Bugs --enable-languages=c,ada,c++,java,go,d,fortran,objc,obj-c++ --prefix=/usr --program-suffix=-6 --program-prefix=x86_64-linux-gnu- --enable-shared --enable-linker-build-id --libexecdir=/usr/lib --without-included-gettext --enable-threads=posix --libdir=/usr/lib --enable-nls --with-sysroot=/ --enable-clocale=gnu --enable-libstdcxx-debug --enable-libstdcxx-time=yes --with-default-libstdcxx-abi=new --enable-gnu-unique-object --disable-vtable-verify --enable-libmpx --enable-plugin --enable-default-pie --with-system-zlib --disable-browser-plugin --enable-java-awt=gtk --enable-gtk-cairo --with-java-home=/usr/lib/jvm/java-1.5.0-gcj-6-amd64/jre --enable-java-home --with-jvm-root-dir=/usr/lib/jvm/java-1.5.0-gcj-6-amd64 --with-jvm-jar-dir=/usr/lib/jvm-exports/java-1.5.0-gcj-6-amd64 --with-arch-directory=amd64 --with-ecj-jar=/usr/share/java/eclipse-ecj.jar --with-target-system-zlib --enable-objc-gc=auto --enable-multiarch --disable-werror --with-arch-32=i686 --with-abi=m64 --with-multilib-list=m32,m64,mx32 --enable-multilib --with-tune=generic --enable-checking=release --build=x86_64-linux-gnu --host=x86_64-linux-gnu --target=x86_64-linux-gnu
Thread model: posix
gcc version 6.3.0 20170406 (Ubuntu 6.3.0-12ubuntu2) 
configure:3092: $? = 0
configure:3081: gcc -V >&5
gcc: error: unrecognized command line option '-V'
gcc: fatal error: no input files
compilation terminated.
configure:3092: $? = 1
configure:3081: gcc -qversion >&5
gcc: error: unrecognized command line option '-qversion'; did you mean '--version'?
gcc: fatal error: no input files
compilation terminated.
configure:3092: $? = 1
configure:3112: checking whether the C compiler works
configure:3134: gcc    conftest.c  >&5
configure:3138: $? = 0
configure:3186: result: yes
configure:3189: checking for C compiler default output file name
configure:3191: result: a.out
configure:3197: checking for suffix of executables
configure:3204: gcc -o conftest    conftest.c  >&5
configure:3208: $? = 0
configure:3230: result: 
configure:3252: checking whether we are cross compiling
configure:3260: gcc -o conftest    conftest.c  >&5
configure:3264: $? = 0
configure:3271: ./conftest
configure:3275: $? = 0
configure:3290: result: no
configure:3295: checking for suffix of object files
configure:3317: gcc -c   conftest.c >&5
configure:3321: $? = 0
configure:3342: result: o
configure:3346: checking whether we are using the GNU C compiler
configure:3365: gcc -c   conftest.c >&5
configure:3365: $? = 0
configure:3374: result: yes
configure:3383: checking whether gcc accepts -g
configure:3403: gcc -c -g  conftest.c >&5
configure:3403: $? = 0
configure:3444: result: yes
configure:3461: checking for gcc option to accept ISO C89
configure:3524: gcc  -c -g -O2  conftest.c >&5
configure:3524: $? = 0
configure:3537: result: none needed
configure:3562: checking whether gcc understands -c and -o together
configure:3584: gcc -c conftest.c -o conftest2.o
configure:3587: $? = 0
configure:3584: gcc -c conftest.c -o conftest2.o
configure:3587: $? = 0
configure:3599: result: yes
configure:3627: checking for style of include used by make
configure:3655: result: GNU
configure:3681: checking dependency style of gcc
configure:3792: result: gcc3
configure:3810: checking for newwin in -lcurses
configure:3835: gcc -o conftest -g -O2   conftest.c -lcurses   >&5
configure:3835: $? = 0
configure:3844: result: yes
configure:3861: checking for new_menu in -lmenu
configure:3886: gcc -o conftest -g -O2   conftest.c -lmenu  -lcurses  >&5
configure:3886: $? = 0
configure:3895: result: yes
configure:3912: checking for SSL_library_init in -lssl
configure:3937: gcc -o conftest -g -O2   conftest.c -lssl  -lmenu -lcurses  >&5
/usr/bin/ld: cannot find -lssl
collect2: error: ld returned 1 exit status
configure:3937: $? = 1
configure: failed program was:
| /* confdefs.h */
| #define PACKAGE_NAME "rfcreader"
| #define PACKAGE_TARNAME "rfcreader"
| #define PACKAGE_VERSION "0.4"
| #define PACKAGE_STRING "rfcreader 0.4"
| #define PACKAGE_BUGREPORT "xverizex@xverizex.asuscomm.com"
| #define PACKAGE_URL ""
| #define PACKAGE "rfcreader"
| #define VERSION "0.4"
| #define HAVE_LIBCURSES 1
| #define HAVE_LIBMENU 1
| /* end confdefs.h.  */
| 
| /* Override any GCC internal prototype to avoid an error.
|    Use char because int might match the return type of a GCC
|    builtin and then its argument prototype would still apply.  */
| #ifdef __cplusplus
| extern "C"
| #endif
| char SSL_library_init ();
| int
| main ()
| {
| return SSL_library_init ();
|   ;
|   return 0;
| }
configure:3946: result: no

## ---------------- ##
## Cache variables. ##
## ---------------- ##

ac_cv_c_compiler_gnu=yes
ac_cv_env_CC_set=
ac_cv_env_CC_value=
ac_cv_env_CFLAGS_set=
ac_cv_env_CFLAGS_value=
ac_cv_env_CPPFLAGS_set=
ac_cv_env_CPPFLAGS_value=
ac_cv_env_CPP_set=
ac_cv_env_CPP_value=
ac_cv_env_LDFLAGS_set=
ac_cv_env_LDFLAGS_value=
ac_cv_env_LIBS_set=
ac_cv_env_LIBS_value=
ac_cv_env_build_alias_set=
ac_cv_env_build_alias_value=
ac_cv_env_host_alias_set=
ac_cv_env_host_alias_value=
ac_cv_env_target_alias_set=
ac_cv_env_target_alias_value=
ac_cv_lib_curses_newwin=yes
ac_cv_lib_menu_new_menu=yes
ac_cv_lib_ssl_SSL_library_init=no
ac_cv_objext=o
ac_cv_path_install='/usr/bin/install -c'
ac_cv_path_mkdir=/bin/mkdir
ac_cv_prog_AWK=gawk
ac_cv_prog_ac_ct_CC=gcc
ac_cv_prog_cc_c89=
ac_cv_prog_cc_g=yes
ac_cv_prog_make_make_set=yes
am_cv_CC_dependencies_compiler_type=gcc3
am_cv_make_support_nested_variables=yes
am_cv_prog_cc_c_o=yes

## ----------------- ##
## Output variables. ##
## ----------------- ##

ACLOCAL='${SHELL} /home/dragon/rfcreader/missing aclocal-1.15'
AMDEPBACKSLASH='\'
AMDEP_FALSE='#'
AMDEP_TRUE=''
AMTAR='$${TAR-tar}'
AM_BACKSLASH='\'
AM_DEFAULT_V='$(AM_DEFAULT_VERBOSITY)'
AM_DEFAULT_VERBOSITY='1'
AM_V='$(V)'
AUTOCONF='${SHELL} /home/dragon/rfcreader/missing autoconf'
AUTOHEADER='${SHELL} /home/dragon/rfcreader/missing autoheader'
AUTOMAKE='${SHELL} /home/dragon/rfcreader/missing automake-1.15'
AWK='gawk'
CC='gcc'
CCDEPMODE='depmode=gcc3'
CFLAGS='-g -O2'
CPP=''
CPPFLAGS=''
CYGPATH_W='echo'
DEFS=''
DEPDIR='.deps'
ECHO_C=''
ECHO_N='-n'
ECHO_T=''
EGREP=''
EXEEXT=''
GREP=''
INSTALL_DATA='${INSTALL} -m 644'
INSTALL_PROGRAM='${INSTALL}'
INSTALL_SCRIPT='${INSTALL}'
INSTALL_STRIP_PROGRAM='$(install_sh) -c -s'
LDFLAGS=''
LIBOBJS=''
LIBS='-lmenu -lcurses '
LTLIBOBJS=''
MAKEINFO='${SHELL} /home/dragon/rfcreader/missing makeinfo'
MKDIR_P='/bin/mkdir -p'
OBJEXT='o'
PACKAGE='rfcreader'
PACKAGE_BUGREPORT='xverizex@xverizex.asuscomm.com'
PACKAGE_NAME='rfcreader'
PACKAGE_STRING='rfcreader 0.4'
PACKAGE_TARNAME='rfcreader'
PACKAGE_URL=''
PACKAGE_VERSION='0.4'
PATH_SEPARATOR=':'
SET_MAKE=''
SHELL='/bin/bash'
STRIP=''
VERSION='0.4'
ac_ct_CC='gcc'
am__EXEEXT_FALSE=''
am__EXEEXT_TRUE=''
am__fastdepCC_FALSE='#'
am__fastdepCC_TRUE=''
am__include='include'
am__isrc=''
am__leading_dot='.'
am__nodep='_no'
am__quote=''
am__tar='$${TAR-tar} chof - "$$tardir"'
am__untar='$${TAR-tar} xf -'
bindir='${exec_prefix}/bin'
build_alias=''
datadir='${datarootdir}'
datarootdir='${prefix}/share'
docdir='${datarootdir}/doc/${PACKAGE_TARNAME}'
dvidir='${docdir}'
exec_prefix='NONE'
host_alias=''
htmldir='${docdir}'
includedir='${prefix}/include'
infodir='${datarootdir}/info'
install_sh='${SHELL} /home/dragon/rfcreader/install-sh'
libdir='${exec_prefix}/lib'
libexecdir='${exec_prefix}/libexec'
localedir='${datarootdir}/locale'
localstatedir='${prefix}/var'
mandir='${datarootdir}/man'
mkdir_p='$(MKDIR_P)'
oldincludedir='/usr/include'
pdfdir='${docdir}'
prefix='NONE'
program_transform_name='s,x,x,'
psdir='${docdir}'
runstatedir='${localstatedir}/run'
sbindir='${exec_prefix}/sbin'
sharedstatedir='${prefix}/com'
sysconfdir='${prefix}/etc'
target_alias=''

## ----------- ##
## confdefs.h. ##
## ----------- ##

/* confdefs.h */
#define PACKAGE_NAME "rfcreader"
#define PACKAGE_TARNAME "rfcreader"
#define PACKAGE_VERSION "0.4"
#define PACKAGE_STRING "rfcreader 0.4"
#define PACKAGE_BUGREPORT "xverizex@xverizex.asuscomm.com"
#define PACKAGE_URL ""
#define PACKAGE "rfcreader"
#define VERSION "0.4"
#define HAVE_LIBCURSES 1
#define HAVE_LIBMENU 1

configure: exit 0
